{"/home/brendan/Documents/01Projects/ion-icon-library/lib/main.js": {"path":"/home/brendan/Documents/01Projects/ion-icon-library/lib/main.js","statementMap":{"0":{"start":{"line":6,"column":2},"end":{"line":8,"column":29}},"1":{"start":{"line":7,"column":4},"end":{"line":7,"column":19}},"2":{"start":{"line":8,"column":10},"end":{"line":8,"column":28}},"3":{"start":{"line":11,"column":15},"end":{"line":23,"column":1}},"4":{"start":{"line":12,"column":16},"end":{"line":12,"column":51}},"5":{"start":{"line":13,"column":2},"end":{"line":22,"column":21}},"6":{"start":{"line":14,"column":2},"end":{"line":20,"column":1}},"7":{"start":{"line":15,"column":20},"end":{"line":15,"column":49}},"8":{"start":{"line":16,"column":4},"end":{"line":16,"column":24}},"9":{"start":{"line":17,"column":4},"end":{"line":17,"column":29}},"10":{"start":{"line":18,"column":4},"end":{"line":18,"column":33}},"11":{"start":{"line":21,"column":0},"end":{"line":21,"column":11}},"12":{"start":{"line":22,"column":8},"end":{"line":22,"column":20}}},"fnMap":{"0":{"name":"(anonymous_0)","decl":{"start":{"line":4,"column":15},"end":{"line":4,"column":16}},"loc":{"start":{"line":4,"column":21},"end":{"line":9,"column":1}}},"1":{"name":"(anonymous_1)","decl":{"start":{"line":11,"column":15},"end":{"line":11,"column":16}},"loc":{"start":{"line":11,"column":21},"end":{"line":23,"column":1}}},"2":{"name":"(anonymous_2)","decl":{"start":{"line":14,"column":16},"end":{"line":14,"column":17}},"loc":{"start":{"line":14,"column":29},"end":{"line":19,"column":1}}}},"branchMap":{"0":{"loc":{"start":{"line":6,"column":2},"end":{"line":8,"column":29}},"type":"if","locations":[{"start":{"line":6,"column":2},"end":{"line":8,"column":29}},{"start":{"line":8,"column":9},"end":{"line":8,"column":29}}]},"1":{"loc":{"start":{"line":13,"column":2},"end":{"line":22,"column":21}},"type":"if","locations":[{"start":{"line":13,"column":2},"end":{"line":22,"column":21}},{"start":{"line":22,"column":7},"end":{"line":22,"column":21}}]}},"s":{"0":3,"1":2,"2":1,"3":1,"4":3,"5":3,"6":2,"7":4,"8":4,"9":4,"10":4,"11":2,"12":1},"f":{"0":3,"1":3,"2":4},"b":{"0":[2,1],"1":[2,1]}}
,"/home/brendan/Documents/01Projects/ion-icon-library/lib/sizing.js": {"path":"/home/brendan/Documents/01Projects/ion-icon-library/lib/sizing.js","statementMap":{"0":{"start":{"line":3,"column":2},"end":{"line":13,"column":4}},"1":{"start":{"line":4,"column":4},"end":{"line":4,"column":30}},"2":{"start":{"line":5,"column":2},"end":{"line":5,"column":17}},"3":{"start":{"line":7,"column":8},"end":{"line":13,"column":4}},"4":{"start":{"line":8,"column":4},"end":{"line":8,"column":31}},"5":{"start":{"line":9,"column":4},"end":{"line":9,"column":18}},"6":{"start":{"line":11,"column":4},"end":{"line":11,"column":30}},"7":{"start":{"line":12,"column":4},"end":{"line":12,"column":18}}},"fnMap":{"0":{"name":"(anonymous_0)","decl":{"start":{"line":1,"column":14},"end":{"line":1,"column":15}},"loc":{"start":{"line":1,"column":33},"end":{"line":14,"column":null}}}},"branchMap":{"0":{"loc":{"start":{"line":3,"column":2},"end":{"line":13,"column":4}},"type":"if","locations":[{"start":{"line":3,"column":2},"end":{"line":13,"column":4}},{"start":{"line":7,"column":8},"end":{"line":13,"column":4}}]},"1":{"loc":{"start":{"line":7,"column":8},"end":{"line":13,"column":4}},"type":"if","locations":[{"start":{"line":7,"column":8},"end":{"line":13,"column":4}},{"start":{"line":10,"column":10},"end":{"line":13,"column":4}}]}},"s":{"0":8,"1":3,"2":3,"3":5,"4":1,"5":1,"6":4,"7":4},"f":{"0":8},"b":{"0":[3,5],"1":[1,4]}}
}
