TN:
SF:lib/main.js
FN:4,(anonymous_0)
FN:11,(anonymous_1)
FN:14,(anonymous_2)
FNF:3
FNH:3
FNDA:3,(anonymous_0)
FNDA:3,(anonymous_1)
FNDA:4,(anonymous_2)
DA:6,3
DA:7,2
DA:8,1
DA:11,1
DA:12,3
DA:13,3
DA:14,2
DA:15,4
DA:16,4
DA:17,4
DA:18,4
DA:21,2
DA:22,1
LF:13
LH:13
BRDA:6,0,0,2
BRDA:6,0,1,1
BRDA:13,1,0,2
BRDA:13,1,1,1
BRF:4
BRH:4
end_of_record
TN:
SF:lib/sizing.js
FN:1,(anonymous_0)
FNF:1
FNH:1
FNDA:8,(anonymous_0)
DA:3,8
DA:4,3
DA:5,3
DA:7,5
DA:8,1
DA:9,1
DA:11,4
DA:12,4
LF:8
LH:8
BRDA:3,0,0,3
BRDA:3,0,1,5
BRDA:7,1,0,1
BRDA:7,1,1,4
BRF:4
BRH:4
end_of_record
